<?xml version="1.0" encoding="utf-8"?><testsuites name="pytest tests"><testsuite name="pytest" errors="0" failures="20" skipped="108" tests="188" time="265.090" timestamp="2025-10-05T17:07:50.543593+00:00" hostname="e66435f34306"><testcase classname="tests.integration.test_authentication_integration.TestAuthenticationIntegration" name="test_real_iris_user_validation" time="0.005"><skipped type="pytest.skip" message="IRIS instance not available or _SYSTEM user not found">/app/tests/integration/test_authentication_integration.py:58: IRIS instance not available or _SYSTEM user not found</skipped></testcase><testcase classname="tests.integration.test_authentication_integration.TestAuthenticationIntegration" name="test_real_iris_connection_performance" time="0.001"><skipped type="pytest.skip" message="IRIS instance not available for performance testing">/app/tests/integration/test_authentication_integration.py:81: IRIS instance not available for performance testing</skipped></testcase><testcase classname="tests.integration.test_authentication_integration.TestAuthenticationIntegration" name="test_complete_scram_flow_simulation" time="0.003" /><testcase classname="tests.integration.test_authentication_integration.TestAuthenticationIntegration" name="test_concurrent_authentication_sessions" time="0.004" /><testcase classname="tests.integration.test_authentication_integration.TestAuthenticationIntegration" name="test_authentication_error_handling" time="0.001" /><testcase classname="tests.integration.test_authentication_integration.TestAuthenticationIntegration" name="test_trust_authentication_integration" time="0.001" /><testcase classname="tests.integration.test_authentication_integration.TestAuthenticationIntegration" name="test_constitutional_compliance_monitoring" time="0.001" /><testcase classname="tests.integration.test_authentication_integration.TestAuthenticationIntegration" name="test_protocol_message_integration" time="0.000" /><testcase classname="tests.integration.test_authentication_integration.TestIRISProviderIntegration" name="test_iris_connection_retry_logic" time="0.052" /><testcase classname="tests.integration.test_authentication_integration.TestIRISProviderIntegration" name="test_iris_security_user_query" time="0.003" /><testcase classname="tests.integration.test_authentication_integration.TestIRISProviderIntegration" name="test_credential_cache_management" time="0.001" /><testcase classname="tests.integration.test_authentication_integration.TestIRISProviderIntegration" name="test_thread_safety_iris_calls" time="0.003" /><testcase classname="tests.integration.test_authentication_integration.TestAuthenticationMetrics" name="test_authentication_timing_accuracy" time="0.001" /><testcase classname="tests.integration.test_authentication_integration.TestAuthenticationMetrics" name="test_sla_violation_detection" time="0.010" /><testcase classname="tests.integration.test_authentication_integration.TestAuthenticationMetrics" name="test_authentication_state_transitions" time="0.001" /><testcase classname="tests.integration.test_authentication_integration.TestAuthenticationMetrics" name="test_session_isolation" time="0.001" /><testcase classname="tests.integration.test_backend_selection" name="test_dbapi_backend_selected_via_env_variables" time="0.000" /><testcase classname="tests.integration.test_backend_selection" name="test_embedded_backend_selected_via_env_variables" time="0.000" /><testcase classname="tests.integration.test_backend_selection" name="test_backend_switches_correctly" time="0.001"><skipped type="pytest.skip" message="IrisExecutor requires irispython environment (embedded Python)">/app/tests/integration/test_backend_selection.py:79: IrisExecutor requires irispython environment (embedded Python)</skipped></testcase><testcase classname="tests.integration.test_backend_selection" name="test_invalid_config_rejected" time="0.001" /><testcase classname="tests.integration.test_backend_selection" name="test_tdd_placeholder_backend_selection" time="0.000"><skipped type="pytest.skip" message="BackendSelector implemented - remove this placeholder test">/app/tests/integration/test_backend_selection.py:100: BackendSelector implemented - remove this placeholder test</skipped></testcase><testcase classname="tests.integration.test_ci_cd_workflow" name="test_ci_cd_tests_match_local_execution" time="30.006"><failure message="Failed: Timeout (&gt;30.0s) from pytest-timeout.">E   Failed: Timeout (&gt;30.0s) from pytest-timeout.</failure></testcase><testcase classname="tests.integration.test_ci_cd_workflow" name="test_ci_cd_coverage_reports_generated" time="31.334"><failure message="AssertionError: XML coverage report should be generated for CI&#10;assert ('xml' in '2025-10-05 17:08:21 [info     ] pytest_configure: initializing iris pgwire test framework\n============================= test session starts ==============================\nplatform linux -- python 3.11.13, pytest-8.4.2, pluggy-1.6.0\nrootdir: /app\nconfigfile: pyproject.toml\nplugins: cov-7.0.0, timeout-2.4.0, asyncio-1.2.0\ntimeout: 30.0s\ntimeout method: signal\ntimeout func_only: false\nasyncio: mode=mode.auto, debug=false, asyncio_default_fixture_loop_scope=none, asyncio_default_test_loop_scope=function\ncollected 11 items\n\ntests/contract/test_fixture_contract.py ssssss                           [ 54%]\ntests/contract/test_timeout_handler.py .....\nwarning: failed to generate report: no data to report.\n\n                                                                         [100%]\n\n================================ tests coverage ================================\n_______________ coverage: platform linux, python 3.11.13-final-0 _______________\n\n======================== 5 passed, 6 skipped in 31.12s =========================\n/usr/local/lib/python3.11/site-packages/coverage/control.py:946: coveragewarning: no data was collected. (no-data-collected); see https://coverage.readthedocs.io/en/7.10.7/messages.html#warning-no-data-collected\n  self._warn(&quot;no data was collected.&quot;, slug=&quot;no-data-collected&quot;)\n/usr/local/lib/python3.11/site-packages/pytest_cov/plugin.py:363: covreportwarning: failed to generate report: no data to report.\n\n  warnings.warn(covreportwarning(message), stacklevel=1)\n' or 'coverage.xml' in '2025-10-05 17:08:21 [info     ] pytest_configure: Initializing IRIS PGWire test framework\n============================= test session starts ==============================\nplatform linux -- Python 3.11.13, pytest-8.4.2, pluggy-1.6.0\nrootdir: /app\nconfigfile: pyproject.toml\nplugins: cov-7.0.0, timeout-2.4.0, asyncio-1.2.0\ntimeout: 30.0s\ntimeout method: signal\ntimeout func_only: False\nasyncio: mode=Mode.AUTO, debug=False, asyncio_default_fixture_loop_scope=None, asyncio_default_test_loop_scope=function\ncollected 11 items\n\ntests/contract/test_fixture_contract.py ssssss                           [ 54%]\ntests/contract/test_timeout_handler.py .....\nWARNING: Failed to generate report: No data to report.\n\n                                                                         [100%]\n\n================================ tests coverage ================================\n_______________ coverage: platform linux, python 3.11.13-final-0 _______________\n\n======================== 5 passed, 6 skipped in 31.12s =========================\n/usr/local/lib/python3.11/site-packages/coverage/control.py:946: CoverageWarning: No data was collected. (no-data-collected); see https://coverage.readthedocs.io/en/7.10.7/messages.html#warning-no-data-collected\n  self._warn(&quot;No data was collected.&quot;, slug=&quot;no-data-collected&quot;)\n/usr/local/lib/python3.11/site-packages/pytest_cov/plugin.py:363: CovReportWarning: Failed to generate report: No data to report.\n\n  warnings.warn(CovReportWarning(message), stacklevel=1)\n')&#10; +  where '2025-10-05 17:08:21 [info     ] pytest_configure: initializing iris pgwire test framework\n============================= test session starts ==============================\nplatform linux -- python 3.11.13, pytest-8.4.2, pluggy-1.6.0\nrootdir: /app\nconfigfile: pyproject.toml\nplugins: cov-7.0.0, timeout-2.4.0, asyncio-1.2.0\ntimeout: 30.0s\ntimeout method: signal\ntimeout func_only: false\nasyncio: mode=mode.auto, debug=false, asyncio_default_fixture_loop_scope=none, asyncio_default_test_loop_scope=function\ncollected 11 items\n\ntests/contract/test_fixture_contract.py ssssss                           [ 54%]\ntests/contract/test_timeout_handler.py .....\nwarning: failed to generate report: no data to report.\n\n                                                                         [100%]\n\n================================ tests coverage ================================\n_______________ coverage: platform linux, python 3.11.13-final-0 _______________\n\n======================== 5 passed, 6 skipped in 31.12s =========================\n/usr/local/lib/python3.11/site-packages/coverage/control.py:946: coveragewarning: no data was collected. (no-data-collected); see https://coverage.readthedocs.io/en/7.10.7/messages.html#warning-no-data-collected\n  self._warn(&quot;no data was collected.&quot;, slug=&quot;no-data-collected&quot;)\n/usr/local/lib/python3.11/site-packages/pytest_cov/plugin.py:363: covreportwarning: failed to generate report: no data to report.\n\n  warnings.warn(covreportwarning(message), stacklevel=1)\n' = &lt;built-in method lower of str object at 0xaaaaec4dc440&gt;()&#10; +    where &lt;built-in method lower of str object at 0xaaaaec4dc440&gt; = '2025-10-05 17:08:21 [info     ] pytest_configure: Initializing IRIS PGWire test framework\n============================= test session starts ==============================\nplatform linux -- Python 3.11.13, pytest-8.4.2, pluggy-1.6.0\nrootdir: /app\nconfigfile: pyproject.toml\nplugins: cov-7.0.0, timeout-2.4.0, asyncio-1.2.0\ntimeout: 30.0s\ntimeout method: signal\ntimeout func_only: False\nasyncio: mode=Mode.AUTO, debug=False, asyncio_default_fixture_loop_scope=None, asyncio_default_test_loop_scope=function\ncollected 11 items\n\ntests/contract/test_fixture_contract.py ssssss                           [ 54%]\ntests/contract/test_timeout_handler.py .....\nWARNING: Failed to generate report: No data to report.\n\n                                                                         [100%]\n\n================================ tests coverage ================================\n_______________ coverage: platform linux, python 3.11.13-final-0 _______________\n\n======================== 5 passed, 6 skipped in 31.12s =========================\n/usr/local/lib/python3.11/site-packages/coverage/control.py:946: CoverageWarning: No data was collected. (no-data-collected); see https://coverage.readthedocs.io/en/7.10.7/messages.html#warning-no-data-collected\n  self._warn(&quot;No data was collected.&quot;, slug=&quot;no-data-collected&quot;)\n/usr/local/lib/python3.11/site-packages/pytest_cov/plugin.py:363: CovReportWarning: Failed to generate report: No data to report.\n\n  warnings.warn(CovReportWarning(message), stacklevel=1)\n'.lower">E   AssertionError: XML coverage report should be generated for CI
    assert ('xml' in '2025-10-05 17:08:21 [info     ] pytest_configure: initializing iris pgwire test framework\n============================= test session starts ==============================\nplatform linux -- python 3.11.13, pytest-8.4.2, pluggy-1.6.0\nrootdir: /app\nconfigfile: pyproject.toml\nplugins: cov-7.0.0, timeout-2.4.0, asyncio-1.2.0\ntimeout: 30.0s\ntimeout method: signal\ntimeout func_only: false\nasyncio: mode=mode.auto, debug=false, asyncio_default_fixture_loop_scope=none, asyncio_default_test_loop_scope=function\ncollected 11 items\n\ntests/contract/test_fixture_contract.py ssssss                           [ 54%]\ntests/contract/test_timeout_handler.py .....\nwarning: failed to generate report: no data to report.\n\n                                                                         [100%]\n\n================================ tests coverage ================================\n_______________ coverage: platform linux, python 3.11.13-final-0 _______________\n\n======================== 5 passed, 6 skipped in 31.12s =========================\n/usr/local/lib/python3.11/site-packages/coverage/control.py:946: coveragewarning: no data was collected. (no-data-collected); see https://coverage.readthedocs.io/en/7.10.7/messages.html#warning-no-data-collected\n  self._warn("no data was collected.", slug="no-data-collected")\n/usr/local/lib/python3.11/site-packages/pytest_cov/plugin.py:363: covreportwarning: failed to generate report: no data to report.\n\n  warnings.warn(covreportwarning(message), stacklevel=1)\n' or 'coverage.xml' in '2025-10-05 17:08:21 [info     ] pytest_configure: Initializing IRIS PGWire test framework\n============================= test session starts ==============================\nplatform linux -- Python 3.11.13, pytest-8.4.2, pluggy-1.6.0\nrootdir: /app\nconfigfile: pyproject.toml\nplugins: cov-7.0.0, timeout-2.4.0, asyncio-1.2.0\ntimeout: 30.0s\ntimeout method: signal\ntimeout func_only: False\nasyncio: mode=Mode.AUTO, debug=False, asyncio_default_fixture_loop_scope=None, asyncio_default_test_loop_scope=function\ncollected 11 items\n\ntests/contract/test_fixture_contract.py ssssss                           [ 54%]\ntests/contract/test_timeout_handler.py .....\nWARNING: Failed to generate report: No data to report.\n\n                                                                         [100%]\n\n================================ tests coverage ================================\n_______________ coverage: platform linux, python 3.11.13-final-0 _______________\n\n======================== 5 passed, 6 skipped in 31.12s =========================\n/usr/local/lib/python3.11/site-packages/coverage/control.py:946: CoverageWarning: No data was collected. (no-data-collected); see https://coverage.readthedocs.io/en/7.10.7/messages.html#warning-no-data-collected\n  self._warn("No data was collected.", slug="no-data-collected")\n/usr/local/lib/python3.11/site-packages/pytest_cov/plugin.py:363: CovReportWarning: Failed to generate report: No data to report.\n\n  warnings.warn(CovReportWarning(message), stacklevel=1)\n')
     +  where '2025-10-05 17:08:21 [info     ] pytest_configure: initializing iris pgwire test framework\n============================= test session starts ==============================\nplatform linux -- python 3.11.13, pytest-8.4.2, pluggy-1.6.0\nrootdir: /app\nconfigfile: pyproject.toml\nplugins: cov-7.0.0, timeout-2.4.0, asyncio-1.2.0\ntimeout: 30.0s\ntimeout method: signal\ntimeout func_only: false\nasyncio: mode=mode.auto, debug=false, asyncio_default_fixture_loop_scope=none, asyncio_default_test_loop_scope=function\ncollected 11 items\n\ntests/contract/test_fixture_contract.py ssssss                           [ 54%]\ntests/contract/test_timeout_handler.py .....\nwarning: failed to generate report: no data to report.\n\n                                                                         [100%]\n\n================================ tests coverage ================================\n_______________ coverage: platform linux, python 3.11.13-final-0 _______________\n\n======================== 5 passed, 6 skipped in 31.12s =========================\n/usr/local/lib/python3.11/site-packages/coverage/control.py:946: coveragewarning: no data was collected. (no-data-collected); see https://coverage.readthedocs.io/en/7.10.7/messages.html#warning-no-data-collected\n  self._warn("no data was collected.", slug="no-data-collected")\n/usr/local/lib/python3.11/site-packages/pytest_cov/plugin.py:363: covreportwarning: failed to generate report: no data to report.\n\n  warnings.warn(covreportwarning(message), stacklevel=1)\n' = &lt;built-in method lower of str object at 0xaaaaec4dc440&gt;()
     +    where &lt;built-in method lower of str object at 0xaaaaec4dc440&gt; = '2025-10-05 17:08:21 [info     ] pytest_configure: Initializing IRIS PGWire test framework\n============================= test session starts ==============================\nplatform linux -- Python 3.11.13, pytest-8.4.2, pluggy-1.6.0\nrootdir: /app\nconfigfile: pyproject.toml\nplugins: cov-7.0.0, timeout-2.4.0, asyncio-1.2.0\ntimeout: 30.0s\ntimeout method: signal\ntimeout func_only: False\nasyncio: mode=Mode.AUTO, debug=False, asyncio_default_fixture_loop_scope=None, asyncio_default_test_loop_scope=function\ncollected 11 items\n\ntests/contract/test_fixture_contract.py ssssss                           [ 54%]\ntests/contract/test_timeout_handler.py .....\nWARNING: Failed to generate report: No data to report.\n\n                                                                         [100%]\n\n================================ tests coverage ================================\n_______________ coverage: platform linux, python 3.11.13-final-0 _______________\n\n======================== 5 passed, 6 skipped in 31.12s =========================\n/usr/local/lib/python3.11/site-packages/coverage/control.py:946: CoverageWarning: No data was collected. (no-data-collected); see https://coverage.readthedocs.io/en/7.10.7/messages.html#warning-no-data-collected\n  self._warn("No data was collected.", slug="no-data-collected")\n/usr/local/lib/python3.11/site-packages/pytest_cov/plugin.py:363: CovReportWarning: Failed to generate report: No data to report.\n\n  warnings.warn(CovReportWarning(message), stacklevel=1)\n'.lower</failure></testcase><testcase classname="tests.integration.test_ci_cd_workflow" name="test_ci_cd_failure_logs_are_detailed" time="0.102" /><testcase classname="tests.integration.test_ci_cd_workflow" name="test_ci_cd_timeout_enforcement" time="35.110"><failure message="AssertionError: CI test should timeout at ~30s, not complete (took 35.1s)&#10;assert 35.10955972399097 &lt; 35">E   AssertionError: CI test should timeout at ~30s, not complete (took 35.1s)
    assert 35.10955972399097 &lt; 35</failure></testcase><testcase classname="tests.integration.test_ci_cd_workflow" name="test_ci_cd_sequential_execution_enforced" time="30.008"><failure message="Failed: Timeout (&gt;30.0s) from pytest-timeout.">E   Failed: Timeout (&gt;30.0s) from pytest-timeout.</failure></testcase><testcase classname="tests.integration.test_ci_cd_workflow" name="test_ci_cd_environment_detection" time="0.365" /><testcase classname="tests.integration.test_connection_pooling" name="test_pool_handles_1000_concurrent_connections" time="0.747" /><testcase classname="tests.integration.test_connection_pooling" name="test_pool_exhaustion_timeout_handling" time="0.508"><failure message="Failed: DID NOT RAISE &lt;class 'TimeoutError'&gt;">E   Failed: DID NOT RAISE &lt;class 'TimeoutError'&gt;</failure></testcase><testcase classname="tests.integration.test_connection_pooling" name="test_connection_recycling_after_lifecycle_expiration" time="0.002"><failure message="pydantic_core._pydantic_core.ValidationError: 1 validation error for BackendConfig&#10;pool_recycle&#10;  Input should be greater than or equal to 60 [type=greater_than_equal, input_value=2, input_type=int]&#10;    For further information visit https://errors.pydantic.dev/2.11/v/greater_than_equal">E   pydantic_core._pydantic_core.ValidationError: 1 validation error for BackendConfig
    pool_recycle
      Input should be greater than or equal to 60 [type=greater_than_equal, input_value=2, input_type=int]
        For further information visit https://errors.pydantic.dev/2.11/v/greater_than_equal</failure></testcase><testcase classname="tests.integration.test_connection_pooling" name="test_health_check_detects_degraded_pool" time="0.018"><failure message="AttributeError: &lt;iris_pgwire.dbapi_connection_pool.IRISConnectionPool object at 0xffff9c61a710&gt; does not have the attribute 'execute_query'">E   AttributeError: &lt;iris_pgwire.dbapi_connection_pool.IRISConnectionPool object at 0xffff9c61a710&gt; does not have the attribute 'execute_query'</failure></testcase><testcase classname="tests.integration.test_connection_pooling" name="test_connection_acquisition_performance_sla" time="0.052" /><testcase classname="tests.integration.test_connection_pooling" name="test_pool_graceful_shutdown_drains_connections" time="0.207" /><testcase classname="tests.integration.test_connection_pooling" name="test_tdd_placeholder_connection_pooling" time="0.000"><skipped type="pytest.skip" message="Connection pooling implemented - remove this placeholder test">/app/tests/integration/test_connection_pooling.py:272: Connection pooling implemented - remove this placeholder test</skipped></testcase><testcase classname="tests.integration.test_dbapi_large_vectors" name="test_create_table_with_1024_dim_vectors" time="0.067" /><testcase classname="tests.integration.test_dbapi_large_vectors" name="test_insert_1024_dim_vector_data" time="0.092" /><testcase classname="tests.integration.test_dbapi_large_vectors" name="test_vector_similarity_query_with_dbapi_backend" time="0.091" /><testcase classname="tests.integration.test_dbapi_large_vectors" name="test_tdd_placeholder_large_vectors" time="0.000"><skipped type="pytest.skip" message="DBAPIExecutor implemented - remove this placeholder test">/app/tests/integration/test_dbapi_large_vectors.py:133: DBAPIExecutor implemented - remove this placeholder test</skipped></testcase><testcase classname="tests.integration.test_developer_workflow" name="test_local_test_execution_completes_without_hanging" time="30.003"><failure message="Failed: Timeout (&gt;30.0s) from pytest-timeout.">E   Failed: Timeout (&gt;30.0s) from pytest-timeout.</failure></testcase><testcase classname="tests.integration.test_developer_workflow" name="test_local_test_failure_provides_actionable_diagnostics" time="0.115" /><testcase classname="tests.integration.test_developer_workflow" name="test_coverage_report_generated_without_enforcement" time="33.783" /><testcase classname="tests.integration.test_developer_workflow" name="test_timeout_configuration_active" time="35.001"><failure message="Failed: Timeout (&gt;35.0s) from pytest-timeout.">E   Failed: Timeout (&gt;35.0s) from pytest-timeout.</failure></testcase><testcase classname="tests.integration.test_document_filters.TestIRISDocumentFilterBasics" name="test_json_table_filter_translation" time="0.000"><skipped type="pytest.skip" message="PGWire server not implemented yet">/app/tests/integration/test_document_filters.py:84: PGWire server not implemented yet</skipped></testcase><testcase classname="tests.integration.test_document_filters.TestIRISDocumentFilterBasics" name="test_json_extract_filter_translation" time="0.000"><skipped type="pytest.skip" message="PGWire server not implemented yet">/app/tests/integration/test_document_filters.py:109: PGWire server not implemented yet</skipped></testcase><testcase classname="tests.integration.test_document_filters.TestIRISDocumentFilterBasics" name="test_json_exists_filter_operations" time="0.000"><skipped type="pytest.skip" message="PGWire server not implemented yet">/app/tests/integration/test_document_filters.py:128: PGWire server not implemented yet</skipped></testcase><testcase classname="tests.integration.test_document_filters.TestIRISDocumentQueryOperations" name="test_document_field_access_patterns" time="0.000"><skipped type="pytest.skip" message="PGWire server not implemented yet">/app/tests/integration/test_document_filters.py:152: PGWire server not implemented yet</skipped></testcase><testcase classname="tests.integration.test_document_filters.TestIRISDocumentQueryOperations" name="test_document_array_operations" time="0.000"><skipped type="pytest.skip" message="PGWire server not implemented yet">/app/tests/integration/test_document_filters.py:183: PGWire server not implemented yet</skipped></testcase><testcase classname="tests.integration.test_document_filters.TestIRISDocumentQueryOperations" name="test_document_nested_object_queries" time="0.000"><skipped type="pytest.skip" message="PGWire server not implemented yet">/app/tests/integration/test_document_filters.py:211: PGWire server not implemented yet</skipped></testcase><testcase classname="tests.integration.test_document_filters.TestIRISDocumentAggregations" name="test_document_field_aggregations" time="0.000"><skipped type="pytest.skip" message="PGWire server not implemented yet">/app/tests/integration/test_document_filters.py:242: PGWire server not implemented yet</skipped></testcase><testcase classname="tests.integration.test_document_filters.TestIRISDocumentAggregations" name="test_document_array_aggregations" time="0.000"><skipped type="pytest.skip" message="PGWire server not implemented yet">/app/tests/integration/test_document_filters.py:271: PGWire server not implemented yet</skipped></testcase><testcase classname="tests.integration.test_document_filters.TestIRISDocumentComplexQueries" name="test_document_joins_with_relational_tables" time="0.000"><skipped type="pytest.skip" message="PGWire server not implemented yet">/app/tests/integration/test_document_filters.py:302: PGWire server not implemented yet</skipped></testcase><testcase classname="tests.integration.test_document_filters.TestIRISDocumentComplexQueries" name="test_document_cte_operations" time="0.000"><skipped type="pytest.skip" message="PGWire server not implemented yet">/app/tests/integration/test_document_filters.py:335: PGWire server not implemented yet</skipped></testcase><testcase classname="tests.integration.test_document_filters.TestIRISDocumentComplexQueries" name="test_document_window_functions" time="0.000"><skipped type="pytest.skip" message="PGWire server not implemented yet">/app/tests/integration/test_document_filters.py:394: PGWire server not implemented yet</skipped></testcase><testcase classname="tests.integration.test_document_filters.TestIRISDocumentPerformance" name="test_document_query_performance" time="0.000"><skipped type="pytest.skip" message="PGWire server not implemented yet">/app/tests/integration/test_document_filters.py:435: PGWire server not implemented yet</skipped></testcase><testcase classname="tests.integration.test_document_filters.TestIRISDocumentPerformance" name="test_document_aggregation_performance" time="0.000"><skipped type="pytest.skip" message="PGWire server not implemented yet">/app/tests/integration/test_document_filters.py:469: PGWire server not implemented yet</skipped></testcase><testcase classname="tests.integration.test_document_filters.TestIRISDocumentErrorHandling" name="test_invalid_json_path_handling" time="0.000"><skipped type="pytest.skip" message="PGWire server not implemented yet">/app/tests/integration/test_document_filters.py:511: PGWire server not implemented yet</skipped></testcase><testcase classname="tests.integration.test_document_filters.TestIRISDocumentErrorHandling" name="test_json_type_conversion_errors" time="0.000"><skipped type="pytest.skip" message="PGWire server not implemented yet">/app/tests/integration/test_document_filters.py:535: PGWire server not implemented yet</skipped></testcase><testcase classname="tests.integration.test_document_filters.TestIRISDocumentErrorHandling" name="test_document_malformed_json_handling" time="0.000"><skipped type="pytest.skip" message="PGWire server not implemented yet">/app/tests/integration/test_document_filters.py:562: PGWire server not implemented yet</skipped></testcase><testcase classname="tests.integration.test_document_filters" name="test_document_filters_tdd_validation" time="0.000" /><testcase classname="tests.integration.test_e2e_psql.TestIRISSystemFunctionsE2E" name="test_system_version_function_translation" time="0.000"><skipped type="pytest.skip" message="Implementation not available yet">/app/tests/integration/test_e2e_psql.py:70: Implementation not available yet</skipped></testcase><testcase classname="tests.integration.test_e2e_psql.TestIRISSystemFunctionsE2E" name="test_system_user_function_translation" time="0.000"><skipped type="pytest.skip" message="Implementation not available yet">/app/tests/integration/test_e2e_psql.py:85: Implementation not available yet</skipped></testcase><testcase classname="tests.integration.test_e2e_psql.TestIRISSystemFunctionsE2E" name="test_multiple_system_functions" time="0.000"><skipped type="pytest.skip" message="Implementation not available yet">/app/tests/integration/test_e2e_psql.py:97: Implementation not available yet</skipped></testcase><testcase classname="tests.integration.test_e2e_psql.TestIRISSystemFunctionsE2E" name="test_psql_connection_stability" time="0.000"><skipped type="pytest.skip" message="Implementation not available yet">/app/tests/integration/test_e2e_psql.py:115: Implementation not available yet</skipped></testcase><testcase classname="tests.integration.test_e2e_psql.TestIRISSystemFunctionsE2E" name="test_psql_error_handling" time="0.000"><skipped type="pytest.skip" message="Implementation not available yet">/app/tests/integration/test_e2e_psql.py:132: Implementation not available yet</skipped></testcase><testcase classname="tests.integration.test_e2e_psql.TestIRISSystemFunctionsE2E" name="test_psql_performance_requirements" time="0.000"><skipped type="pytest.skip" message="Implementation not available yet">/app/tests/integration/test_e2e_psql.py:146: Implementation not available yet</skipped></testcase><testcase classname="tests.integration.test_e2e_psql.TestPSQLProtocolCompliance" name="test_psql_protocol_handshake" time="0.000"><skipped type="pytest.skip" message="Implementation not available yet">/app/tests/integration/test_e2e_psql.py:166: Implementation not available yet</skipped></testcase><testcase classname="tests.integration.test_e2e_psql.TestPSQLProtocolCompliance" name="test_psql_prepared_statements" time="0.000"><skipped type="pytest.skip" message="Implementation not available yet">/app/tests/integration/test_e2e_psql.py:178: Implementation not available yet</skipped></testcase><testcase classname="tests.integration.test_e2e_psql.TestPSQLProtocolCompliance" name="test_psql_transaction_support" time="0.000"><skipped type="pytest.skip" message="Implementation not available yet">/app/tests/integration/test_e2e_psql.py:200: Implementation not available yet</skipped></testcase><testcase classname="tests.integration.test_e2e_psql.TestPSQLProtocolCompliance" name="test_psql_meta_commands" time="0.000"><skipped type="pytest.skip" message="Implementation not available yet">/app/tests/integration/test_e2e_psql.py:216: Implementation not available yet</skipped></testcase><testcase classname="tests.integration.test_e2e_psql.TestPSQLConcurrentConnections" name="test_multiple_concurrent_psql_connections" time="0.000"><skipped type="pytest.skip" message="Implementation not available yet">/app/tests/integration/test_e2e_psql.py:232: Implementation not available yet</skipped></testcase><testcase classname="tests.integration.test_e2e_psql" name="test_psql_e2e_tdd_validation" time="0.000" /><testcase classname="tests.integration.test_e2e_psycopg.TestIRISSQLSyntaxE2E" name="test_top_clause_translation" time="0.000"><skipped type="pytest.skip" message="Implementation not available yet">/app/tests/integration/test_e2e_psycopg.py:78: Implementation not available yet</skipped></testcase><testcase classname="tests.integration.test_e2e_psycopg.TestIRISSQLSyntaxE2E" name="test_iris_string_functions_translation" time="0.001"><skipped type="pytest.skip" message="Implementation not available yet">/app/tests/integration/test_e2e_psycopg.py:96: Implementation not available yet</skipped></testcase><testcase classname="tests.integration.test_e2e_psycopg.TestIRISSQLSyntaxE2E" name="test_iris_date_functions_translation" time="0.001"><skipped type="pytest.skip" message="Implementation not available yet">/app/tests/integration/test_e2e_psycopg.py:114: Implementation not available yet</skipped></testcase><testcase classname="tests.integration.test_e2e_psycopg.TestIRISSQLSyntaxE2E" name="test_iris_json_functions_translation" time="0.000"><skipped type="pytest.skip" message="Implementation not available yet">/app/tests/integration/test_e2e_psycopg.py:134: Implementation not available yet</skipped></testcase><testcase classname="tests.integration.test_e2e_psycopg.TestIRISSQLSyntaxE2E" name="test_complex_iris_query_translation" time="0.000"><skipped type="pytest.skip" message="Implementation not available yet">/app/tests/integration/test_e2e_psycopg.py:155: Implementation not available yet</skipped></testcase><testcase classname="tests.integration.test_e2e_psycopg.TestIRISParameterBinding" name="test_prepared_statement_with_iris_functions" time="0.000"><skipped type="pytest.skip" message="Implementation not available yet">/app/tests/integration/test_e2e_psycopg.py:192: Implementation not available yet</skipped></testcase><testcase classname="tests.integration.test_e2e_psycopg.TestIRISParameterBinding" name="test_multiple_parameters_with_iris_syntax" time="0.000"><skipped type="pytest.skip" message="Implementation not available yet">/app/tests/integration/test_e2e_psycopg.py:209: Implementation not available yet</skipped></testcase><testcase classname="tests.integration.test_e2e_psycopg.TestIRISTransactionSupport" name="test_transaction_with_iris_functions" time="0.002"><skipped type="pytest.skip" message="Implementation not available yet">/app/tests/integration/test_e2e_psycopg.py:228: Implementation not available yet</skipped></testcase><testcase classname="tests.integration.test_e2e_psycopg.TestIRISTransactionSupport" name="test_rollback_with_iris_translation" time="0.000"><skipped type="pytest.skip" message="Implementation not available yet">/app/tests/integration/test_e2e_psycopg.py:253: Implementation not available yet</skipped></testcase><testcase classname="tests.integration.test_e2e_psycopg.TestIRISConnectionPooling" name="test_concurrent_iris_function_calls" time="0.000"><skipped type="pytest.skip" message="Implementation not available yet">/app/tests/integration/test_e2e_psycopg.py:276: Implementation not available yet</skipped></testcase><testcase classname="tests.integration.test_e2e_psycopg.TestIRISCursorOperations" name="test_fetchone_with_iris_functions" time="0.000"><skipped type="pytest.skip" message="Implementation not available yet">/app/tests/integration/test_e2e_psycopg.py:307: Implementation not available yet</skipped></testcase><testcase classname="tests.integration.test_e2e_psycopg.TestIRISCursorOperations" name="test_fetchmany_with_iris_syntax" time="0.000"><skipped type="pytest.skip" message="Implementation not available yet">/app/tests/integration/test_e2e_psycopg.py:321: Implementation not available yet</skipped></testcase><testcase classname="tests.integration.test_e2e_psycopg.TestIRISCursorOperations" name="test_fetchall_with_complex_iris_query" time="0.000"><skipped type="pytest.skip" message="Implementation not available yet">/app/tests/integration/test_e2e_psycopg.py:337: Implementation not available yet</skipped></testcase><testcase classname="tests.integration.test_e2e_psycopg.TestIRISErrorHandling" name="test_unsupported_iris_construct_error" time="0.000"><skipped type="pytest.skip" message="Implementation not available yet">/app/tests/integration/test_e2e_psycopg.py:369: Implementation not available yet</skipped></testcase><testcase classname="tests.integration.test_e2e_psycopg.TestIRISErrorHandling" name="test_malformed_iris_function_error" time="0.000"><skipped type="pytest.skip" message="Implementation not available yet">/app/tests/integration/test_e2e_psycopg.py:380: Implementation not available yet</skipped></testcase><testcase classname="tests.integration.test_e2e_psycopg.TestIRISErrorHandling" name="test_connection_recovery_after_error" time="0.000"><skipped type="pytest.skip" message="Implementation not available yet">/app/tests/integration/test_e2e_psycopg.py:391: Implementation not available yet</skipped></testcase><testcase classname="tests.integration.test_e2e_psycopg.TestIRISPerformanceRequirements" name="test_iris_translation_latency" time="0.000"><skipped type="pytest.skip" message="Implementation not available yet">/app/tests/integration/test_e2e_psycopg.py:412: Implementation not available yet</skipped></testcase><testcase classname="tests.integration.test_e2e_psycopg.TestIRISPerformanceRequirements" name="test_complex_iris_query_performance" time="0.000"><skipped type="pytest.skip" message="Implementation not available yet">/app/tests/integration/test_e2e_psycopg.py:432: Implementation not available yet</skipped></testcase><testcase classname="tests.integration.test_e2e_psycopg" name="test_psycopg_e2e_tdd_validation" time="0.000" /><testcase classname="tests.integration.test_error_handling.TestUnsupportedConstructErrors" name="test_unsupported_administrative_commands" time="0.000"><skipped type="pytest.skip" message="PGWire server not implemented yet">/app/tests/integration/test_error_handling.py:69: PGWire server not implemented yet</skipped></testcase><testcase classname="tests.integration.test_error_handling.TestUnsupportedConstructErrors" name="test_unsupported_iris_specific_syntax" time="0.000"><skipped type="pytest.skip" message="PGWire server not implemented yet">/app/tests/integration/test_error_handling.py:100: PGWire server not implemented yet</skipped></testcase><testcase classname="tests.integration.test_error_handling.TestUnsupportedConstructErrors" name="test_unsupported_system_functions" time="0.000"><skipped type="pytest.skip" message="PGWire server not implemented yet">/app/tests/integration/test_error_handling.py:126: PGWire server not implemented yet</skipped></testcase><testcase classname="tests.integration.test_error_handling.TestFallbackStrategies" name="test_error_strategy_fallback" time="0.000"><skipped type="pytest.skip" message="PGWire server not implemented yet">/app/tests/integration/test_error_handling.py:154: PGWire server not implemented yet</skipped></testcase><testcase classname="tests.integration.test_error_handling.TestFallbackStrategies" name="test_warning_strategy_fallback" time="0.000"><skipped type="pytest.skip" message="PGWire server not implemented yet">/app/tests/integration/test_error_handling.py:169: PGWire server not implemented yet</skipped></testcase><testcase classname="tests.integration.test_error_handling.TestFallbackStrategies" name="test_ignore_strategy_fallback" time="0.000"><skipped type="pytest.skip" message="PGWire server not implemented yet">/app/tests/integration/test_error_handling.py:178: PGWire server not implemented yet</skipped></testcase><testcase classname="tests.integration.test_error_handling.TestFallbackStrategies" name="test_hybrid_strategy_fallback" time="0.000"><skipped type="pytest.skip" message="PGWire server not implemented yet">/app/tests/integration/test_error_handling.py:187: PGWire server not implemented yet</skipped></testcase><testcase classname="tests.integration.test_error_handling.TestErrorRecovery" name="test_connection_recovery_after_translation_error" time="0.000"><skipped type="pytest.skip" message="PGWire server not implemented yet">/app/tests/integration/test_error_handling.py:216: PGWire server not implemented yet</skipped></testcase><testcase classname="tests.integration.test_error_handling.TestErrorRecovery" name="test_transaction_recovery_after_error" time="0.000"><skipped type="pytest.skip" message="PGWire server not implemented yet">/app/tests/integration/test_error_handling.py:237: PGWire server not implemented yet</skipped></testcase><testcase classname="tests.integration.test_error_handling.TestErrorRecovery" name="test_session_state_preservation_after_errors" time="0.000"><skipped type="pytest.skip" message="PGWire server not implemented yet">/app/tests/integration/test_error_handling.py:270: PGWire server not implemented yet</skipped></testcase><testcase classname="tests.integration.test_error_handling.TestErrorLogging" name="test_translation_error_logging" time="0.000"><skipped type="pytest.skip" message="PGWire server not implemented yet">/app/tests/integration/test_error_handling.py:297: PGWire server not implemented yet</skipped></testcase><testcase classname="tests.integration.test_error_handling.TestErrorLogging" name="test_debug_mode_error_information" time="0.000"><skipped type="pytest.skip" message="PGWire server not implemented yet">/app/tests/integration/test_error_handling.py:312: PGWire server not implemented yet</skipped></testcase><testcase classname="tests.integration.test_error_handling.TestErrorContextualInformation" name="test_sql_position_information_in_errors" time="0.000"><skipped type="pytest.skip" message="PGWire server not implemented yet">/app/tests/integration/test_error_handling.py:324: PGWire server not implemented yet</skipped></testcase><testcase classname="tests.integration.test_error_handling.TestErrorContextualInformation" name="test_construct_type_identification_in_errors" time="0.000"><skipped type="pytest.skip" message="PGWire server not implemented yet">/app/tests/integration/test_error_handling.py:350: PGWire server not implemented yet</skipped></testcase><testcase classname="tests.integration.test_error_handling.TestErrorPerformance" name="test_error_handling_performance" time="0.000"><skipped type="pytest.skip" message="PGWire server not implemented yet">/app/tests/integration/test_error_handling.py:375: PGWire server not implemented yet</skipped></testcase><testcase classname="tests.integration.test_error_handling.TestConcurrentErrorHandling" name="test_concurrent_error_isolation" time="0.000"><skipped type="pytest.skip" message="PGWire server not implemented yet">/app/tests/integration/test_error_handling.py:409: PGWire server not implemented yet</skipped></testcase><testcase classname="tests.integration.test_error_handling.TestErrorBoundaries" name="test_partial_query_failure_handling" time="0.000"><skipped type="pytest.skip" message="PGWire server not implemented yet">/app/tests/integration/test_error_handling.py:466: PGWire server not implemented yet</skipped></testcase><testcase classname="tests.integration.test_error_handling.TestErrorBoundaries" name="test_nested_error_handling" time="0.000"><skipped type="pytest.skip" message="PGWire server not implemented yet">/app/tests/integration/test_error_handling.py:497: PGWire server not implemented yet</skipped></testcase><testcase classname="tests.integration.test_error_handling" name="test_error_handling_tdd_validation" time="0.000" /><testcase classname="tests.integration.test_ipm_installation" name="test_ipm_module_xml_exists_and_valid" time="0.001" /><testcase classname="tests.integration.test_ipm_installation" name="test_installer_class_exists" time="0.001" /><testcase classname="tests.integration.test_ipm_installation" name="test_service_class_exists_with_lifecycle_methods" time="0.001" /><testcase classname="tests.integration.test_ipm_installation" name="test_ipm_requirements_contains_dependencies" time="0.001" /><testcase classname="tests.integration.test_ipm_installation" name="test_ipm_module_uses_tcp_server_pattern_not_asgi" time="0.001" /><testcase classname="tests.integration.test_ipm_installation" name="test_ipm_installation_in_docker_environment" time="0.000"><skipped type="pytest.skip" message="Requires Docker environment (T026)">/app/tests/integration/test_ipm_installation.py:179: Requires Docker environment (T026)</skipped></testcase><testcase classname="tests.integration.test_ipm_installation" name="test_tdd_placeholder_ipm_installation_tests" time="0.000" /><testcase classname="tests.integration.test_iris_integration.TestIRISFunctionParameters" name="test_iris_string_function_with_parameters" time="0.000"><skipped type="pytest.skip" message="IRIS integration not implemented yet">/app/tests/integration/test_iris_integration.py:87: IRIS integration not implemented yet</skipped></testcase><testcase classname="tests.integration.test_iris_integration.TestIRISFunctionParameters" name="test_iris_date_function_with_parameters" time="0.000"><skipped type="pytest.skip" message="IRIS integration not implemented yet">/app/tests/integration/test_iris_integration.py:111: IRIS integration not implemented yet</skipped></testcase><testcase classname="tests.integration.test_iris_integration.TestIRISFunctionParameters" name="test_iris_system_function_with_parameters" time="0.000"><skipped type="pytest.skip" message="IRIS integration not implemented yet">/app/tests/integration/test_iris_integration.py:134: IRIS integration not implemented yet</skipped></testcase><testcase classname="tests.integration.test_iris_integration.TestIRISFunctionParameters" name="test_iris_json_function_with_parameters" time="0.000"><skipped type="pytest.skip" message="IRIS integration not implemented yet">/app/tests/integration/test_iris_integration.py:153: IRIS integration not implemented yet</skipped></testcase><testcase classname="tests.integration.test_iris_integration.TestIRISParameterTypes" name="test_integer_parameters" time="0.000"><skipped type="pytest.skip" message="IRIS integration not implemented yet">/app/tests/integration/test_iris_integration.py:181: IRIS integration not implemented yet</skipped></testcase><testcase classname="tests.integration.test_iris_integration.TestIRISParameterTypes" name="test_decimal_parameters" time="0.000"><skipped type="pytest.skip" message="IRIS integration not implemented yet">/app/tests/integration/test_iris_integration.py:203: IRIS integration not implemented yet</skipped></testcase><testcase classname="tests.integration.test_iris_integration.TestIRISParameterTypes" name="test_boolean_parameters" time="0.000"><skipped type="pytest.skip" message="IRIS integration not implemented yet">/app/tests/integration/test_iris_integration.py:224: IRIS integration not implemented yet</skipped></testcase><testcase classname="tests.integration.test_iris_integration.TestIRISParameterTypes" name="test_null_parameters" time="0.000"><skipped type="pytest.skip" message="IRIS integration not implemented yet">/app/tests/integration/test_iris_integration.py:244: IRIS integration not implemented yet</skipped></testcase><testcase classname="tests.integration.test_iris_integration.TestIRISParameterBinding" name="test_named_parameters_with_iris_functions" time="0.000"><skipped type="pytest.skip" message="IRIS integration not implemented yet">/app/tests/integration/test_iris_integration.py:267: IRIS integration not implemented yet</skipped></testcase><testcase classname="tests.integration.test_iris_integration.TestIRISParameterBinding" name="test_multiple_parameter_substitution" time="0.000"><skipped type="pytest.skip" message="IRIS integration not implemented yet">/app/tests/integration/test_iris_integration.py:287: IRIS integration not implemented yet</skipped></testcase><testcase classname="tests.integration.test_iris_integration.TestIRISParameterBinding" name="test_parameter_reuse_with_iris_functions" time="0.000"><skipped type="pytest.skip" message="IRIS integration not implemented yet">/app/tests/integration/test_iris_integration.py:314: IRIS integration not implemented yet</skipped></testcase><testcase classname="tests.integration.test_iris_integration.TestIRISComplexParameterScenarios" name="test_iris_functions_in_where_clause_with_parameters" time="0.000"><skipped type="pytest.skip" message="IRIS integration not implemented yet">/app/tests/integration/test_iris_integration.py:339: IRIS integration not implemented yet</skipped></testcase><testcase classname="tests.integration.test_iris_integration.TestIRISComplexParameterScenarios" name="test_iris_functions_in_order_by_with_parameters" time="0.000"><skipped type="pytest.skip" message="IRIS integration not implemented yet">/app/tests/integration/test_iris_integration.py:359: IRIS integration not implemented yet</skipped></testcase><testcase classname="tests.integration.test_iris_integration.TestIRISComplexParameterScenarios" name="test_iris_functions_with_subquery_parameters" time="0.000"><skipped type="pytest.skip" message="IRIS integration not implemented yet">/app/tests/integration/test_iris_integration.py:377: IRIS integration not implemented yet</skipped></testcase><testcase classname="tests.integration.test_iris_integration.TestIRISComplexParameterScenarios" name="test_iris_functions_with_case_statements_and_parameters" time="0.000"><skipped type="pytest.skip" message="IRIS integration not implemented yet">/app/tests/integration/test_iris_integration.py:399: IRIS integration not implemented yet</skipped></testcase><testcase classname="tests.integration.test_iris_integration.TestIRISParameterPerformance" name="test_parameter_binding_performance" time="0.000"><skipped type="pytest.skip" message="IRIS integration not implemented yet">/app/tests/integration/test_iris_integration.py:431: IRIS integration not implemented yet</skipped></testcase><testcase classname="tests.integration.test_iris_integration.TestIRISParameterPerformance" name="test_large_parameter_set_performance" time="0.000"><skipped type="pytest.skip" message="IRIS integration not implemented yet">/app/tests/integration/test_iris_integration.py:459: IRIS integration not implemented yet</skipped></testcase><testcase classname="tests.integration.test_iris_integration.TestIRISParameterErrorHandling" name="test_parameter_type_mismatch_error" time="0.000"><skipped type="pytest.skip" message="IRIS integration not implemented yet">/app/tests/integration/test_iris_integration.py:494: IRIS integration not implemented yet</skipped></testcase><testcase classname="tests.integration.test_iris_integration.TestIRISParameterErrorHandling" name="test_parameter_count_mismatch_error" time="0.001"><skipped type="pytest.skip" message="IRIS integration not implemented yet">/app/tests/integration/test_iris_integration.py:513: IRIS integration not implemented yet</skipped></testcase><testcase classname="tests.integration.test_iris_integration" name="test_iris_integration_tdd_validation" time="0.000" /><testcase classname="tests.integration.test_mixed_sql.TestMixedIRISStandardSQL" name="test_standard_select_with_iris_functions" time="0.000"><skipped type="pytest.skip" message="PGWire server not implemented yet">/app/tests/integration/test_mixed_sql.py:68: PGWire server not implemented yet</skipped></testcase><testcase classname="tests.integration.test_mixed_sql.TestMixedIRISStandardSQL" name="test_standard_join_with_iris_constructs" time="0.000"><skipped type="pytest.skip" message="PGWire server not implemented yet">/app/tests/integration/test_mixed_sql.py:100: PGWire server not implemented yet</skipped></testcase><testcase classname="tests.integration.test_mixed_sql.TestMixedIRISStandardSQL" name="test_standard_aggregation_with_iris_functions" time="0.000"><skipped type="pytest.skip" message="PGWire server not implemented yet">/app/tests/integration/test_mixed_sql.py:131: PGWire server not implemented yet</skipped></testcase><testcase classname="tests.integration.test_mixed_sql.TestMixedIRISStandardSQL" name="test_standard_window_functions_with_iris_constructs" time="0.000"><skipped type="pytest.skip" message="PGWire server not implemented yet">/app/tests/integration/test_mixed_sql.py:164: PGWire server not implemented yet</skipped></testcase><testcase classname="tests.integration.test_mixed_sql.TestMixedSQLWithCTE" name="test_cte_with_iris_functions" time="0.000"><skipped type="pytest.skip" message="PGWire server not implemented yet">/app/tests/integration/test_mixed_sql.py:200: PGWire server not implemented yet</skipped></testcase><testcase classname="tests.integration.test_mixed_sql.TestMixedSQLWithCTE" name="test_recursive_cte_with_iris_constructs" time="0.000"><skipped type="pytest.skip" message="PGWire server not implemented yet">/app/tests/integration/test_mixed_sql.py:243: PGWire server not implemented yet</skipped></testcase><testcase classname="tests.integration.test_mixed_sql.TestMixedSQLWithSubqueries" name="test_correlated_subquery_with_iris_functions" time="0.000"><skipped type="pytest.skip" message="PGWire server not implemented yet">/app/tests/integration/test_mixed_sql.py:299: PGWire server not implemented yet</skipped></testcase><testcase classname="tests.integration.test_mixed_sql.TestMixedSQLWithSubqueries" name="test_scalar_subquery_with_iris_system_functions" time="0.000"><skipped type="pytest.skip" message="PGWire server not implemented yet">/app/tests/integration/test_mixed_sql.py:347: PGWire server not implemented yet</skipped></testcase><testcase classname="tests.integration.test_mixed_sql.TestMixedSQLTransactionHandling" name="test_transaction_with_mixed_sql_statements" time="0.000"><skipped type="pytest.skip" message="PGWire server not implemented yet">/app/tests/integration/test_mixed_sql.py:390: PGWire server not implemented yet</skipped></testcase><testcase classname="tests.integration.test_mixed_sql.TestMixedSQLTransactionHandling" name="test_savepoint_with_iris_constructs" time="0.000"><skipped type="pytest.skip" message="PGWire server not implemented yet">/app/tests/integration/test_mixed_sql.py:431: PGWire server not implemented yet</skipped></testcase><testcase classname="tests.integration.test_mixed_sql.TestMixedSQLPerformance" name="test_mixed_sql_query_performance" time="0.000"><skipped type="pytest.skip" message="PGWire server not implemented yet">/app/tests/integration/test_mixed_sql.py:472: PGWire server not implemented yet</skipped></testcase><testcase classname="tests.integration.test_mixed_sql.TestMixedSQLPerformance" name="test_batch_mixed_sql_performance" time="0.000"><skipped type="pytest.skip" message="PGWire server not implemented yet">/app/tests/integration/test_mixed_sql.py:533: PGWire server not implemented yet</skipped></testcase><testcase classname="tests.integration.test_mixed_sql.TestMixedSQLErrorHandling" name="test_partial_iris_failure_in_mixed_query" time="0.000"><skipped type="pytest.skip" message="PGWire server not implemented yet">/app/tests/integration/test_mixed_sql.py:565: PGWire server not implemented yet</skipped></testcase><testcase classname="tests.integration.test_mixed_sql.TestMixedSQLErrorHandling" name="test_mixed_sql_syntax_error_handling" time="0.000"><skipped type="pytest.skip" message="PGWire server not implemented yet">/app/tests/integration/test_mixed_sql.py:590: PGWire server not implemented yet</skipped></testcase><testcase classname="tests.integration.test_mixed_sql" name="test_mixed_sql_tdd_validation" time="0.000" /><testcase classname="tests.integration.test_performance_benchmarks.TestConstitutionalPerformance" name="test_constitutional_sla_compliance_simple_queries" time="0.008"><failure message="AssertionError: assert (False or 7.112541992682964 &lt;= 5.0)&#10; +  where False = PerformanceStats(translation_time_ms=6.480082985945046, cache_hit=False, constructs_detected=0, constructs_translated=0, parsing_time_ms=0.0, mapping_time_ms=0.0, validation_time_ms=0.0).is_sla_compliant&#10; +    where PerformanceStats(translation_time_ms=6.480082985945046, cache_hit=False, constructs_detected=0, constructs_translated=0, parsing_time_ms=0.0, mapping_time_ms=0.0, validation_time_ms=0.0) = TranslationResult(translated_sql='SELECT * FROM users;', construct_mappings=[], performance_stats=PerformanceStats(translation_time_ms=6.480082985945046, cache_hit=False, constructs_detected=0, constructs_translated=0, parsing_time_ms=0.0, mapping_time_ms=0.0, validation_time_ms=0.0), warnings=[], debug_trace=DebugTrace(parsing_steps=[ParsingStep(step_name='parse_constructs', input_sql='SELECT * FROM users', output_sql='SELECT * FROM users', duration_ms=4.7069580177776515, metadata={'constructs_found': 0}), ParsingStep(step_name='finalize_translation', input_sql='SELECT * FROM users;', output_sql='SELECT * FROM users;', duration_ms=0.0030410010367631912, metadata={'optimization': 'whitespace_cleanup'})], mapping_decisions=[], warnings=[], metadata={'trace_id': '9a7b174d-43d8-4908-9924-7d7a5ddb09c6', 'original_sql': 'SELECT * FROM users', 'start_time': '2025-10-05T17:11:38.706839', 'session_duration_ms': 0.0, 'end_time': '2025-10-05T17:11:38.713459', 'total_duration_ms': 6.283124996116385, 'success': True, 'final_sql': 'SELECT * FROM users;', 'final_sql_length': 20, 'parsing_steps_count': 2, 'mapping_decisions_count': 0, 'warnings_count': 0, 'total_parsing_time_ms': 4.709999018814415}), validation_result=ValidationResult(success=True, confidence=1.0, issues=[], performance_impact=None, recommendations=['Avoid SELECT * - specify only needed columns']), metadata={}).performance_stats">E   AssertionError: assert (False or 7.112541992682964 &lt;= 5.0)
     +  where False = PerformanceStats(translation_time_ms=6.480082985945046, cache_hit=False, constructs_detected=0, constructs_translated=0, parsing_time_ms=0.0, mapping_time_ms=0.0, validation_time_ms=0.0).is_sla_compliant
     +    where PerformanceStats(translation_time_ms=6.480082985945046, cache_hit=False, constructs_detected=0, constructs_translated=0, parsing_time_ms=0.0, mapping_time_ms=0.0, validation_time_ms=0.0) = TranslationResult(translated_sql='SELECT * FROM users;', construct_mappings=[], performance_stats=PerformanceStats(translation_time_ms=6.480082985945046, cache_hit=False, constructs_detected=0, constructs_translated=0, parsing_time_ms=0.0, mapping_time_ms=0.0, validation_time_ms=0.0), warnings=[], debug_trace=DebugTrace(parsing_steps=[ParsingStep(step_name='parse_constructs', input_sql='SELECT * FROM users', output_sql='SELECT * FROM users', duration_ms=4.7069580177776515, metadata={'constructs_found': 0}), ParsingStep(step_name='finalize_translation', input_sql='SELECT * FROM users;', output_sql='SELECT * FROM users;', duration_ms=0.0030410010367631912, metadata={'optimization': 'whitespace_cleanup'})], mapping_decisions=[], warnings=[], metadata={'trace_id': '9a7b174d-43d8-4908-9924-7d7a5ddb09c6', 'original_sql': 'SELECT * FROM users', 'start_time': '2025-10-05T17:11:38.706839', 'session_duration_ms': 0.0, 'end_time': '2025-10-05T17:11:38.713459', 'total_duration_ms': 6.283124996116385, 'success': True, 'final_sql': 'SELECT * FROM users;', 'final_sql_length': 20, 'parsing_steps_count': 2, 'mapping_decisions_count': 0, 'warnings_count': 0, 'total_parsing_time_ms': 4.709999018814415}), validation_result=ValidationResult(success=True, confidence=1.0, issues=[], performance_impact=None, recommendations=['Avoid SELECT * - specify only needed columns']), metadata={}).performance_stats</failure></testcase><testcase classname="tests.integration.test_performance_benchmarks.TestConstitutionalPerformance" name="test_constitutional_sla_compliance_complex_queries" time="0.019"><failure message="AssertionError: Complex queries must have 95% SLA compliance, got 50.0%&#10;assert 0.5 &gt;= 0.95">E   AssertionError: Complex queries must have 95% SLA compliance, got 50.0%
    assert 0.5 &gt;= 0.95</failure></testcase><testcase classname="tests.integration.test_performance_benchmarks.TestConstitutionalPerformance" name="test_bulk_translation_performance_benchmark" time="0.267"><failure message="AssertionError: SLA compliance rate 91.3% below 95% requirement&#10;assert 0.9133333333333333 &gt;= 0.95&#10; +  where 0.9133333333333333 = BenchmarkResult(test_name='bulk_translation_benchmark', query_count=150, total_time_ms=265.7036670134403, avg_time_ms=1.7692508402979001, min_time_ms=0.5691669939551502, max_time_ms=18.983124988153577, p95_time_ms=6.046477299241815, p99_time_ms=12.615328742540441, sla_violations=13, sla_compliance_rate=0.9133333333333333, cache_hit_rate=0.0, success_rate=1.0, memory_growth_factor=1.0, constitutional_compliance=False).sla_compliance_rate">E   AssertionError: SLA compliance rate 91.3% below 95% requirement
    assert 0.9133333333333333 &gt;= 0.95
     +  where 0.9133333333333333 = BenchmarkResult(test_name='bulk_translation_benchmark', query_count=150, total_time_ms=265.7036670134403, avg_time_ms=1.7692508402979001, min_time_ms=0.5691669939551502, max_time_ms=18.983124988153577, p95_time_ms=6.046477299241815, p99_time_ms=12.615328742540441, sla_violations=13, sla_compliance_rate=0.9133333333333333, cache_hit_rate=0.0, success_rate=1.0, memory_growth_factor=1.0, constitutional_compliance=False).sla_compliance_rate</failure></testcase><testcase classname="tests.integration.test_performance_benchmarks.TestConstitutionalPerformance" name="test_concurrent_translation_performance" time="0.085"><failure message="AssertionError: Concurrent SLA compliance 30.0% below 80% minimum&#10;assert 0.3 &gt;= 0.8">E   AssertionError: Concurrent SLA compliance 30.0% below 80% minimum
    assert 0.3 &gt;= 0.8</failure></testcase><testcase classname="tests.integration.test_performance_benchmarks.TestConstitutionalPerformance" name="test_memory_efficiency_benchmark" time="30.017"><failure message="Failed: Timeout (&gt;30.0s) from pytest-timeout.">E   Failed: Timeout (&gt;30.0s) from pytest-timeout.</failure></testcase><testcase classname="tests.integration.test_performance_benchmarks.TestConstitutionalPerformance" name="test_translation_cache_performance" time="0.030" /><testcase classname="tests.integration.test_performance_benchmarks.TestConstitutionalPerformance" name="test_constitutional_compliance_report" time="0.320"><failure message="AssertionError: SLA compliance must be 95%&#10;assert 0.1777777777777778 &gt;= 0.95">E   AssertionError: SLA compliance must be 95%
    assert 0.1777777777777778 &gt;= 0.95</failure></testcase><testcase classname="tests.integration.test_performance_benchmarks.TestRegressionDetection" name="test_baseline_performance_regression" time="0.033" /><testcase classname="tests.integration.test_performance_benchmarks.TestRegressionDetection" name="test_stress_load_performance" time="2.631"><failure message="AssertionError: Stress SLA compliance 35.8% below 85% minimum&#10;assert 0.358 &gt;= 0.85">E   AssertionError: Stress SLA compliance 35.8% below 85% minimum
    assert 0.358 &gt;= 0.85</failure></testcase><testcase classname="tests.integration.test_translation_integration.TestTranslationIntegration" name="test_simple_query_translation" time="0.024" /><testcase classname="tests.integration.test_translation_integration.TestTranslationIntegration" name="test_iris_function_translation" time="0.008" /><testcase classname="tests.integration.test_translation_integration.TestTranslationIntegration" name="test_iris_datatype_translation" time="0.008" /><testcase classname="tests.integration.test_translation_integration.TestTranslationIntegration" name="test_iris_construct_translation" time="0.006" /><testcase classname="tests.integration.test_translation_integration.TestTranslationIntegration" name="test_document_filter_translation" time="0.008" /><testcase classname="tests.integration.test_translation_integration.TestTranslationIntegration" name="test_complex_mixed_translation" time="0.011"><failure message="assert 5.294583010254428 &lt; 5.0&#10; +  where 5.294583010254428 = PerformanceStats(translation_time_ms=5.294583010254428, cache_hit=False, constructs_detected=4, constructs_translated=3, parsing_time_ms=0.0, mapping_time_ms=0.0, validation_time_ms=0.0).translation_time_ms&#10; +    where PerformanceStats(translation_time_ms=5.294583010254428, cache_hit=False, constructs_detected=4, constructs_translated=3, parsing_time_ms=0.0, mapping_time_ms=0.0, validation_time_ms=0.0) = TranslationResult(translated_sql=&quot;SELECT TOP 5 UPPER(u.name) as name, u.created_date, (u.profile::jsonb-&gt;'bio') as bio, COUNT(*) as post_count FROM users u INNER JOIN posts p ON u.id = p.user_id WHERE u.status = 'active' AND (u.profile::jsonb ? 'verified') GROUP BY u.id, u.name, u.created_date, u.profile ORDER BY post_count DESC;&quot;, construct_mappings=[ConstructMapping(construct_type=&lt;ConstructType.FUNCTION: 'FUNCTION'&gt;, original_syntax='%SQLUPPER(u.name)', translated_syntax='UPPER(u.name)', confidence=1.0, source_location=SourceLocation(line=3, column=13, length=17, original_text='%SQLUPPER(u.name)'), metadata={'function_name': '%SQLUPPER'}), ConstructMapping(construct_type=&lt;ConstructType.DOCUMENT_FILTER: 'DOCUMENT_FILTER'&gt;, original_syntax=&quot;JSON_EXTRACT(u.profile, '$.bio')&quot;, translated_syntax=&quot;(u.profile::jsonb-&gt;'bio')&quot;, confidence=0.9, source_location=SourceLocation(line=5, column=13, length=32, original_text=&quot;JSON_EXTRACT(u.profile, '$.bio')&quot;), metadata={'filter_name': 'JSON_EXTRACT_PATH', 'notes': 'Convert JSON_EXTRACT to PostgreSQL jsonb path operations'}), ConstructMapping(construct_type=&lt;ConstructType.DOCUMENT_FILTER: 'DOCUMENT_FILTER'&gt;, original_syntax=&quot;JSON_EXISTS(u.profile, '$.verified')&quot;, translated_syntax=&quot;(u.profile::jsonb ? 'verified')&quot;, confidence=0.9, source_location=SourceLocation(line=10, column=15, length=36, original_text=&quot;JSON_EXISTS(u.profile, '$.verified')&quot;), metadata={'filter_name': 'JSON_EXISTS_PATH', 'notes': 'Convert JSON_EXISTS to jsonb path existence check'})], performance_stats=PerformanceStats(translation_time_ms=5.294583010254428, cache_hit=False, constructs_detected=4, constructs_translated=3, parsing_time_ms=0.0, mapping_time_ms=0.0, validation_time_ms=0.0), warnings=[], debug_trace=None, validation_result=ValidationResult(success=True, confidence=1.0, issues=[ValidationIssue(severity='warning', message='Some functions may not have been translated', location=None, recommendation=None)], performance_impact=None, recommendations=[]), metadata={}).performance_stats">E   assert 5.294583010254428 &lt; 5.0
     +  where 5.294583010254428 = PerformanceStats(translation_time_ms=5.294583010254428, cache_hit=False, constructs_detected=4, constructs_translated=3, parsing_time_ms=0.0, mapping_time_ms=0.0, validation_time_ms=0.0).translation_time_ms
     +    where PerformanceStats(translation_time_ms=5.294583010254428, cache_hit=False, constructs_detected=4, constructs_translated=3, parsing_time_ms=0.0, mapping_time_ms=0.0, validation_time_ms=0.0) = TranslationResult(translated_sql="SELECT TOP 5 UPPER(u.name) as name, u.created_date, (u.profile::jsonb-&gt;'bio') as bio, COUNT(*) as post_count FROM users u INNER JOIN posts p ON u.id = p.user_id WHERE u.status = 'active' AND (u.profile::jsonb ? 'verified') GROUP BY u.id, u.name, u.created_date, u.profile ORDER BY post_count DESC;", construct_mappings=[ConstructMapping(construct_type=&lt;ConstructType.FUNCTION: 'FUNCTION'&gt;, original_syntax='%SQLUPPER(u.name)', translated_syntax='UPPER(u.name)', confidence=1.0, source_location=SourceLocation(line=3, column=13, length=17, original_text='%SQLUPPER(u.name)'), metadata={'function_name': '%SQLUPPER'}), ConstructMapping(construct_type=&lt;ConstructType.DOCUMENT_FILTER: 'DOCUMENT_FILTER'&gt;, original_syntax="JSON_EXTRACT(u.profile, '$.bio')", translated_syntax="(u.profile::jsonb-&gt;'bio')", confidence=0.9, source_location=SourceLocation(line=5, column=13, length=32, original_text="JSON_EXTRACT(u.profile, '$.bio')"), metadata={'filter_name': 'JSON_EXTRACT_PATH', 'notes': 'Convert JSON_EXTRACT to PostgreSQL jsonb path operations'}), ConstructMapping(construct_type=&lt;ConstructType.DOCUMENT_FILTER: 'DOCUMENT_FILTER'&gt;, original_syntax="JSON_EXISTS(u.profile, '$.verified')", translated_syntax="(u.profile::jsonb ? 'verified')", confidence=0.9, source_location=SourceLocation(line=10, column=15, length=36, original_text="JSON_EXISTS(u.profile, '$.verified')"), metadata={'filter_name': 'JSON_EXISTS_PATH', 'notes': 'Convert JSON_EXISTS to jsonb path existence check'})], performance_stats=PerformanceStats(translation_time_ms=5.294583010254428, cache_hit=False, constructs_detected=4, constructs_translated=3, parsing_time_ms=0.0, mapping_time_ms=0.0, validation_time_ms=0.0), warnings=[], debug_trace=None, validation_result=ValidationResult(success=True, confidence=1.0, issues=[ValidationIssue(severity='warning', message='Some functions may not have been translated', location=None, recommendation=None)], performance_impact=None, recommendations=[]), metadata={}).performance_stats</failure></testcase><testcase classname="tests.integration.test_translation_integration.TestTranslationIntegration" name="test_translation_caching" time="0.006" /><testcase classname="tests.integration.test_translation_integration.TestTranslationIntegration" name="test_constitutional_sla_compliance" time="0.016"><failure message="AssertionError: Query exceeded SLA: &#10;              SELECT TOP 100&#10;                  u.id,&#10;  ...&#10;assert 5.170166987227276 &lt; 5.0&#10; +  where 5.170166987227276 = PerformanceStats(translation_time_ms=5.170166987227276, cache_hit=False, constructs_detected=4, constructs_translated=3, parsing_time_ms=0.0, mapping_time_ms=0.0, validation_time_ms=0.0).translation_time_ms&#10; +    where PerformanceStats(translation_time_ms=5.170166987227276, cache_hit=False, constructs_detected=4, constructs_translated=3, parsing_time_ms=0.0, mapping_time_ms=0.0, validation_time_ms=0.0) = TranslationResult(translated_sql=&quot;SELECT TOP 100 u.id, UPPER(u.name) as name, (u.data::jsonb-&gt;'email') as email, COUNT(p.id) as post_count FROM users u LEFT JOIN posts p ON u.id = p.user_id WHERE (u.data::jsonb ? 'active') GROUP BY u.id, u.name, u.data ORDER BY post_count DESC;&quot;, construct_mappings=[ConstructMapping(construct_type=&lt;ConstructType.FUNCTION: 'FUNCTION'&gt;, original_syntax='%SQLUPPER(u.name)', translated_syntax='UPPER(u.name)', confidence=1.0, source_location=SourceLocation(line=4, column=17, length=17, original_text='%SQLUPPER(u.name)'), metadata={'function_name': '%SQLUPPER'}), ConstructMapping(construct_type=&lt;ConstructType.DOCUMENT_FILTER: 'DOCUMENT_FILTER'&gt;, original_syntax=&quot;JSON_EXTRACT(u.data, '$.email')&quot;, translated_syntax=&quot;(u.data::jsonb-&gt;'email')&quot;, confidence=0.9, source_location=SourceLocation(line=5, column=17, length=31, original_text=&quot;JSON_EXTRACT(u.data, '$.email')&quot;), metadata={'filter_name': 'JSON_EXTRACT_PATH', 'notes': 'Convert JSON_EXTRACT to PostgreSQL jsonb path operations'}), ConstructMapping(construct_type=&lt;ConstructType.DOCUMENT_FILTER: 'DOCUMENT_FILTER'&gt;, original_syntax=&quot;JSON_EXISTS(u.data, '$.active')&quot;, translated_syntax=&quot;(u.data::jsonb ? 'active')&quot;, confidence=0.9, source_location=SourceLocation(line=9, column=19, length=31, original_text=&quot;JSON_EXISTS(u.data, '$.active')&quot;), metadata={'filter_name': 'JSON_EXISTS_PATH', 'notes': 'Convert JSON_EXISTS to jsonb path existence check'})], performance_stats=PerformanceStats(translation_time_ms=5.170166987227276, cache_hit=False, constructs_detected=4, constructs_translated=3, parsing_time_ms=0.0, mapping_time_ms=0.0, validation_time_ms=0.0), warnings=[], debug_trace=None, validation_result=ValidationResult(success=True, confidence=1.0, issues=[ValidationIssue(severity='warning', message='Some functions may not have been translated', location=None, recommendation=None)], performance_impact=None, recommendations=[]), metadata={}).performance_stats">E   AssertionError: Query exceeded SLA: 
                  SELECT TOP 100
                      u.id,
      ...
    assert 5.170166987227276 &lt; 5.0
     +  where 5.170166987227276 = PerformanceStats(translation_time_ms=5.170166987227276, cache_hit=False, constructs_detected=4, constructs_translated=3, parsing_time_ms=0.0, mapping_time_ms=0.0, validation_time_ms=0.0).translation_time_ms
     +    where PerformanceStats(translation_time_ms=5.170166987227276, cache_hit=False, constructs_detected=4, constructs_translated=3, parsing_time_ms=0.0, mapping_time_ms=0.0, validation_time_ms=0.0) = TranslationResult(translated_sql="SELECT TOP 100 u.id, UPPER(u.name) as name, (u.data::jsonb-&gt;'email') as email, COUNT(p.id) as post_count FROM users u LEFT JOIN posts p ON u.id = p.user_id WHERE (u.data::jsonb ? 'active') GROUP BY u.id, u.name, u.data ORDER BY post_count DESC;", construct_mappings=[ConstructMapping(construct_type=&lt;ConstructType.FUNCTION: 'FUNCTION'&gt;, original_syntax='%SQLUPPER(u.name)', translated_syntax='UPPER(u.name)', confidence=1.0, source_location=SourceLocation(line=4, column=17, length=17, original_text='%SQLUPPER(u.name)'), metadata={'function_name': '%SQLUPPER'}), ConstructMapping(construct_type=&lt;ConstructType.DOCUMENT_FILTER: 'DOCUMENT_FILTER'&gt;, original_syntax="JSON_EXTRACT(u.data, '$.email')", translated_syntax="(u.data::jsonb-&gt;'email')", confidence=0.9, source_location=SourceLocation(line=5, column=17, length=31, original_text="JSON_EXTRACT(u.data, '$.email')"), metadata={'filter_name': 'JSON_EXTRACT_PATH', 'notes': 'Convert JSON_EXTRACT to PostgreSQL jsonb path operations'}), ConstructMapping(construct_type=&lt;ConstructType.DOCUMENT_FILTER: 'DOCUMENT_FILTER'&gt;, original_syntax="JSON_EXISTS(u.data, '$.active')", translated_syntax="(u.data::jsonb ? 'active')", confidence=0.9, source_location=SourceLocation(line=9, column=19, length=31, original_text="JSON_EXISTS(u.data, '$.active')"), metadata={'filter_name': 'JSON_EXISTS_PATH', 'notes': 'Convert JSON_EXISTS to jsonb path existence check'})], performance_stats=PerformanceStats(translation_time_ms=5.170166987227276, cache_hit=False, constructs_detected=4, constructs_translated=3, parsing_time_ms=0.0, mapping_time_ms=0.0, validation_time_ms=0.0), warnings=[], debug_trace=None, validation_result=ValidationResult(success=True, confidence=1.0, issues=[ValidationIssue(severity='warning', message='Some functions may not have been translated', location=None, recommendation=None)], performance_impact=None, recommendations=[]), metadata={}).performance_stats</failure></testcase><testcase classname="tests.integration.test_translation_integration.TestTranslationIntegration" name="test_translation_validation_levels" time="0.011" /><testcase classname="tests.integration.test_translation_integration.TestTranslationIntegration" name="test_error_handling" time="0.011" /><testcase classname="tests.integration.test_translation_integration.TestTranslationIntegration" name="test_confidence_scoring" time="0.007" /><testcase classname="tests.integration.test_translation_integration.TestTranslationIntegration" name="test_mapping_metadata" time="0.006" /><testcase classname="tests.integration.test_translation_integration.TestTranslationIntegration" name="test_parser_integration" time="0.007" /><testcase classname="tests.integration.test_translation_integration.TestTranslationIntegration" name="test_translation_statistics" time="0.006" /><testcase classname="tests.integration.test_translation_integration.TestTranslationPerformance" name="test_bulk_translation_performance" time="0.594"><failure message="assert 5.932389169756789 &lt; 2.0">E   assert 5.932389169756789 &lt; 2.0</failure></testcase><testcase classname="tests.integration.test_translation_integration.TestTranslationPerformance" name="test_concurrent_translation_safety" time="0.001" /><testcase classname="tests.integration.test_translation_integration.TestTranslationPerformance" name="test_memory_efficiency" time="0.579" /><testcase classname="tests.integration.test_translation_integration.TestTranslationEdgeCases" name="test_very_long_query" time="0.019"><failure message="AssertionError: assert 13.23187499656342 &lt; 5.0&#10; +  where 13.23187499656342 = PerformanceStats(translation_time_ms=13.23187499656342, cache_hit=False, constructs_detected=0, constructs_translated=0, parsing_time_ms=0.0, mapping_time_ms=0.0, validation_time_ms=0.0).translation_time_ms&#10; +    where PerformanceStats(translation_time_ms=13.23187499656342, cache_hit=False, constructs_detected=0, constructs_translated=0, parsing_time_ms=0.0, mapping_time_ms=0.0, validation_time_ms=0.0) = TranslationResult(translated_sql='SELECT col_0, col_1, col_2, col_3, col_4, col_5, col_6, col_7, col_8, col_9, col_10, col_11, col_12, col_13, col_14, col_15, col_16, col_17, col_18, col_19, col_20, col_21, col_22, col_23, col_24, col_25, col_26, col_27, col_28, col_29, col_30, col_31, col_32, col_33, col_34, col_35, col_36, col_37, col_38, col_39, col_40, col_41, col_42, col_43, col_44, col_45, col_46, col_47, col_48, col_49, col_50, col_51, col_52, col_53, col_54, col_55, col_56, col_57, col_58, col_59, col_60, col_61, col_62, col_63, col_64, col_65, col_66, col_67, col_68, col_69, col_70, col_71, col_72, col_73, col_74, col_75, col_76, col_77, col_78, col_79, col_80, col_81, col_82, col_83, col_84, col_85, col_86, col_87, col_88, col_89, col_90, col_91, col_92, col_93, col_94, col_95, col_96, col_97, col_98, col_99 FROM very_wide_table;', construct_mappings=[], performance_stats=PerformanceStats(translation_time_ms=13.23187499656342, cache_hit=False, constructs_detected=0, constructs_translated=0, parsing_time_ms=0.0, mapping_time_ms=0.0, validation_time_ms=0.0), warnings=[], debug_trace=None, validation_result=ValidationResult(success=True, confidence=1.0, issues=[], performance_impact=None, recommendations=[]), metadata={}).performance_stats">E   AssertionError: assert 13.23187499656342 &lt; 5.0
     +  where 13.23187499656342 = PerformanceStats(translation_time_ms=13.23187499656342, cache_hit=False, constructs_detected=0, constructs_translated=0, parsing_time_ms=0.0, mapping_time_ms=0.0, validation_time_ms=0.0).translation_time_ms
     +    where PerformanceStats(translation_time_ms=13.23187499656342, cache_hit=False, constructs_detected=0, constructs_translated=0, parsing_time_ms=0.0, mapping_time_ms=0.0, validation_time_ms=0.0) = TranslationResult(translated_sql='SELECT col_0, col_1, col_2, col_3, col_4, col_5, col_6, col_7, col_8, col_9, col_10, col_11, col_12, col_13, col_14, col_15, col_16, col_17, col_18, col_19, col_20, col_21, col_22, col_23, col_24, col_25, col_26, col_27, col_28, col_29, col_30, col_31, col_32, col_33, col_34, col_35, col_36, col_37, col_38, col_39, col_40, col_41, col_42, col_43, col_44, col_45, col_46, col_47, col_48, col_49, col_50, col_51, col_52, col_53, col_54, col_55, col_56, col_57, col_58, col_59, col_60, col_61, col_62, col_63, col_64, col_65, col_66, col_67, col_68, col_69, col_70, col_71, col_72, col_73, col_74, col_75, col_76, col_77, col_78, col_79, col_80, col_81, col_82, col_83, col_84, col_85, col_86, col_87, col_88, col_89, col_90, col_91, col_92, col_93, col_94, col_95, col_96, col_97, col_98, col_99 FROM very_wide_table;', construct_mappings=[], performance_stats=PerformanceStats(translation_time_ms=13.23187499656342, cache_hit=False, constructs_detected=0, constructs_translated=0, parsing_time_ms=0.0, mapping_time_ms=0.0, validation_time_ms=0.0), warnings=[], debug_trace=None, validation_result=ValidationResult(success=True, confidence=1.0, issues=[], performance_impact=None, recommendations=[]), metadata={}).performance_stats</failure></testcase><testcase classname="tests.integration.test_translation_integration.TestTranslationEdgeCases" name="test_deeply_nested_json" time="0.006" /><testcase classname="tests.integration.test_translation_integration.TestTranslationEdgeCases" name="test_special_characters_in_identifiers" time="0.006" /><testcase classname="tests.integration.test_translation_integration.TestTranslationEdgeCases" name="test_unicode_support" time="0.006" /><testcase classname="tests.integration.test_translation_integration.TestTranslationEdgeCases" name="test_mixed_case_preservation" time="0.006" /><testcase classname="tests.integration.test_vector_optimizer_e2e.TestVectorOptimizerE2E" name="test_base64_vector_e2e" time="0.001"><skipped type="pytest.skip" message="PGWire server not running: connection failed: connection to server at &quot;127.0.0.1&quot;, port 15910 failed: Connection refused&#10;&#09;Is the server running on that host and accepting TCP/IP connections?">/app/tests/integration/test_vector_optimizer_e2e.py:77: PGWire server not running: connection failed: connection to server at "127.0.0.1", port 15910 failed: Connection refused
	Is the server running on that host and accepting TCP/IP connections?</skipped></testcase><testcase classname="tests.integration.test_vector_optimizer_e2e.TestVectorOptimizerE2E" name="test_json_array_vector_e2e" time="0.000"><skipped type="pytest.skip" message="PGWire server not running: connection failed: connection to server at &quot;127.0.0.1&quot;, port 15910 failed: Connection refused&#10;&#09;Is the server running on that host and accepting TCP/IP connections?">/app/tests/integration/test_vector_optimizer_e2e.py:111: PGWire server not running: connection failed: connection to server at "127.0.0.1", port 15910 failed: Connection refused
	Is the server running on that host and accepting TCP/IP connections?</skipped></testcase><testcase classname="tests.integration.test_vector_optimizer_e2e.TestVectorOptimizerE2E" name="test_multi_parameter_e2e" time="0.000"><skipped type="pytest.skip" message="PGWire server not running: connection failed: connection to server at &quot;127.0.0.1&quot;, port 15910 failed: Connection refused&#10;&#09;Is the server running on that host and accepting TCP/IP connections?">/app/tests/integration/test_vector_optimizer_e2e.py:142: PGWire server not running: connection failed: connection to server at "127.0.0.1", port 15910 failed: Connection refused
	Is the server running on that host and accepting TCP/IP connections?</skipped></testcase><testcase classname="tests.integration.test_vector_optimizer_e2e.TestVectorOptimizerE2E" name="test_non_vector_query_passthrough_e2e" time="0.000"><skipped type="pytest.skip" message="PGWire server not running: connection failed: connection to server at &quot;127.0.0.1&quot;, port 15910 failed: Connection refused&#10;&#09;Is the server running on that host and accepting TCP/IP connections?">/app/tests/integration/test_vector_optimizer_e2e.py:173: PGWire server not running: connection failed: connection to server at "127.0.0.1", port 15910 failed: Connection refused
	Is the server running on that host and accepting TCP/IP connections?</skipped></testcase><testcase classname="tests.integration.test_vector_optimizer_e2e.TestVectorOptimizerPerformance" name="test_transformation_overhead" time="0.026" /><testcase classname="tests.integration.test_vector_optimizer_e2e.TestVectorOptimizerPerformance" name="test_concurrent_throughput" time="0.001"><skipped type="pytest.skip" message="PGWire server not running: connection failed: connection to server at &quot;127.0.0.1&quot;, port 15910 failed: Connection refused&#10;&#09;Is the server running on that host and accepting TCP/IP connections?">/app/tests/integration/test_vector_optimizer_e2e.py:253: PGWire server not running: connection failed: connection to server at "127.0.0.1", port 15910 failed: Connection refused
	Is the server running on that host and accepting TCP/IP connections?</skipped></testcase></testsuite></testsuites>